<?xml version="1.0" encoding="UTF-8"?>
<testng-results skipped="0" failed="0" ignored="0" total="8" passed="8">
  <reporter-output>
  </reporter-output>
  <suite name="CoverageSuite" duration-ms="12" started-at="2021-06-27T13:19:04Z" finished-at="2021-06-27T13:19:04Z">
    <groups>
    </groups>
    <test name="CoverageTest" duration-ms="12" started-at="2021-06-27T13:19:04Z" finished-at="2021-06-27T13:19:04Z">
      <class name="pack2.Test1">
        <test-method status="PASS" signature="m1()[pri:0, instance:pack2.Test1@18ce0030]" name="m1" duration-ms="2" started-at="2021-06-27T13:19:04Z" finished-at="2021-06-27T13:19:04Z">
          <reporter-output>
          </reporter-output>
        </test-method> <!-- m1 -->
        <test-method status="PASS" signature="m2()[pri:0, instance:pack2.Test1@18ce0030]" name="m2" duration-ms="2" started-at="2021-06-27T13:19:04Z" finished-at="2021-06-27T13:19:04Z">
          <reporter-output>
          </reporter-output>
        </test-method> <!-- m2 -->
      </class> <!-- pack2.Test1 -->
    </test> <!-- CoverageTest -->
  </suite> <!-- CoverageSuite -->
  <suite name="SanitySuite" duration-ms="79" started-at="2021-06-27T13:19:04Z" finished-at="2021-06-27T13:19:04Z">
    <groups>
    </groups>
    <test name="SanityTest" duration-ms="79" started-at="2021-06-27T13:19:04Z" finished-at="2021-06-27T13:19:04Z">
      <class name="pack1.Test3">
        <test-method status="PASS" signature="m1()[pri:0, instance:pack1.Test3@7692d9cc]" name="m1" duration-ms="17" started-at="2021-06-27T13:19:04Z" finished-at="2021-06-27T13:19:04Z">
          <reporter-output>
          </reporter-output>
        </test-method> <!-- m1 -->
        <test-method status="PASS" signature="m2()[pri:0, instance:pack1.Test3@7692d9cc]" name="m2" duration-ms="2" started-at="2021-06-27T13:19:04Z" finished-at="2021-06-27T13:19:04Z">
          <reporter-output>
          </reporter-output>
        </test-method> <!-- m2 -->
      </class> <!-- pack1.Test3 -->
      <class name="pack1.Test1">
        <test-method status="PASS" signature="m1()[pri:0, instance:pack1.Test1@75f32542]" name="m1" duration-ms="3" started-at="2021-06-27T13:19:04Z" finished-at="2021-06-27T13:19:04Z">
          <reporter-output>
          </reporter-output>
        </test-method> <!-- m1 -->
        <test-method status="PASS" signature="m2()[pri:0, instance:pack1.Test1@75f32542]" name="m2" duration-ms="2" started-at="2021-06-27T13:19:04Z" finished-at="2021-06-27T13:19:04Z">
          <reporter-output>
          </reporter-output>
        </test-method> <!-- m2 -->
      </class> <!-- pack1.Test1 -->
    </test> <!-- SanityTest -->
  </suite> <!-- SanitySuite -->
  <suite name="RegressionSuite" duration-ms="17" started-at="2021-06-27T13:19:04Z" finished-at="2021-06-27T13:19:04Z">
    <groups>
    </groups>
    <test name="RegressionTest" duration-ms="17" started-at="2021-06-27T13:19:04Z" finished-at="2021-06-27T13:19:04Z">
      <class name="pack1.Test2">
        <test-method status="PASS" signature="m1()[pri:0, instance:pack1.Test2@1fe20588]" name="m1" duration-ms="6" started-at="2021-06-27T13:19:04Z" finished-at="2021-06-27T13:19:04Z">
          <reporter-output>
          </reporter-output>
        </test-method> <!-- m1 -->
        <test-method status="PASS" signature="m2()[pri:0, instance:pack1.Test2@1fe20588]" name="m2" duration-ms="2" started-at="2021-06-27T13:19:04Z" finished-at="2021-06-27T13:19:04Z">
          <reporter-output>
          </reporter-output>
        </test-method> <!-- m2 -->
      </class> <!-- pack1.Test2 -->
    </test> <!-- RegressionTest -->
  </suite> <!-- RegressionSuite -->
  <suite name="AutomationSuite" duration-ms="0" started-at="2021-06-27T13:19:05Z" finished-at="2021-06-27T13:19:05Z">
    <groups>
    </groups>
  </suite> <!-- AutomationSuite -->
</testng-results>
