<?xml version="1.0" encoding="UTF-8"?>
<!-- Generated by org.testng.reporters.JUnitXMLReporter -->
<testsuite hostname="AjVivoBook" ignored="0" name="SanityTest" tests="4" failures="0" timestamp="27 Jun 2021 13:19:04 GMT" time="0.079" errors="0">
  <testcase name="m1" time="0.017" classname="pack1.Test3"/>
  <testcase name="m2" time="0.002" classname="pack1.Test3"/>
  <testcase name="m1" time="0.003" classname="pack1.Test1"/>
  <testcase name="m2" time="0.002" classname="pack1.Test1"/>
</testsuite> <!-- SanityTest -->
